[35m[1mScanning dependencies of target rob1_joy[0m
[35m[1mScanning dependencies of target robot1[0m
make[2]: *** ターゲット 'CMakeFiles/robot1.dir/build' を make するルールがありません.  中止.
CMakeFiles/Makefile2:648: recipe for target 'CMakeFiles/robot1.dir/all' failed
make[1]: *** [CMakeFiles/robot1.dir/all] Error 2
make[1]: *** 未完了のジョブを待っています....
[ 50%] [32mBuilding CXX object CMakeFiles/rob1_joy.dir/src/rob1_joy.cpp.o[0m
[100%] [32m[1mLinking CXX executable /home/roblab/BunaiRobcon2021/devel/.private/robot1/lib/robot1/rob1_joy[0m
[100%] Built target rob1_joy
Makefile:140: recipe for target 'all' failed
make: *** [all] Error 2
