make[2]: *** ターゲット 'CMakeFiles/robot1.dir/build' を make するルールがありません.  中止.
CMakeFiles/Makefile2:648: recipe for target 'CMakeFiles/robot1.dir/all' failed
make[1]: *** [CMakeFiles/robot1.dir/all] Error 2
make[1]: *** 未完了のジョブを待っています....
[100%] Built target rob1_joy
Makefile:140: recipe for target 'all' failed
make: *** [all] Error 2
