[35m[1mScanning dependencies of target rob2_firework[0m
make[2]: *** ã‚¿ãƒ¼ã‚²ãƒƒãƒˆ 'CMakeFiles/rob2_firework.dir/build' ã‚’ make ã™ã‚‹ãƒ«ãƒ¼ãƒ«ãŒã‚ã‚Šã¾ã›ã‚“.  ä¸­æ­¢.
make[1]: *** [CMakeFiles/rob2_firework.dir/all] Error 2
make: *** [all] Error 2
CMakeFiles/Makefile2:291: recipe for target 'CMakeFiles/rob2_firework.dir/all' failed
Makefile:140: recipe for target 'all' failed
