[35m[1mScanning dependencies of target rob2_firework[0m
[ 50%] [32mBuilding CXX object CMakeFiles/rob2_firework.dir/src/rob2_firework.cpp.o[0m
[01m[K/home/roblab/BunaiRobcon2021/src/robot2/src/rob2_firework.cpp:[m[K In function â€˜[01m[Kint main(int, char**)[m[Kâ€™:
[01m[K/home/roblab/BunaiRobcon2021/src/robot2/src/rob2_firework.cpp:66:7:[m[K [01;31m[Kerror: [m[Kâ€˜[01m[KServo[m[Kâ€™ was not declared in this scope
       [01;31m[KServo[m[K();
       [01;31m[K^~~~~[m[K
[01m[K/home/roblab/BunaiRobcon2021/src/robot2/src/rob2_firework.cpp:67:7:[m[K [01;31m[Kerror: [m[Kâ€˜[01m[KLED[m[Kâ€™ was not declared in this scope
       [01;31m[KLED[m[K();
       [01;31m[K^~~[m[K
[01m[K/home/roblab/BunaiRobcon2021/src/robot2/src/rob2_firework.cpp:[m[K In function â€˜[01m[Kvoid joy_msg_Callback(const ConstPtr&)[m[Kâ€™:
[01m[K/home/roblab/BunaiRobcon2021/src/robot2/src/rob2_firework.cpp:88:30:[m[K [01;31m[Kerror: [m[Kâ€˜[01m[Kconst ConstPtr {aka const class boost::shared_ptr<const std_msgs::Float32MultiArray_<std::allocator<void> > >}[m[Kâ€™ has no member named â€˜[01m[Kdata[m[Kâ€™
       joy_catch[i] = joy_msg.[01;31m[Kdata[m[K[i];
                              [01;31m[K^~~~[m[K
CMakeFiles/rob2_firework.dir/build.make:62: recipe for target 'CMakeFiles/rob2_firework.dir/src/rob2_firework.cpp.o' failed
make[2]: *** [CMakeFiles/rob2_firework.dir/src/rob2_firework.cpp.o] Error 1
CMakeFiles/Makefile2:291: recipe for target 'CMakeFiles/rob2_firework.dir/all' failed
make[1]: *** [CMakeFiles/rob2_firework.dir/all] Error 2
Makefile:140: recipe for target 'all' failed
make: *** [all] Error 2
